  main_test.c
  back_kin.c
c:\users\admin\onedrive\fh mechatronik\3. semester\applied robotics\project\lab3r\backwards_kinematic\backwards_kinematic\backwards_kinematic\back_kin.c(15): warning C4244: "=": Konvertierung von "double" in "float", möglicher Datenverlust
c:\users\admin\onedrive\fh mechatronik\3. semester\applied robotics\project\lab3r\backwards_kinematic\backwards_kinematic\backwards_kinematic\back_kin.c(16): warning C4244: "=": Konvertierung von "double" in "float", möglicher Datenverlust
c:\users\admin\onedrive\fh mechatronik\3. semester\applied robotics\project\lab3r\backwards_kinematic\backwards_kinematic\backwards_kinematic\back_kin.c(17): warning C4244: "=": Konvertierung von "double" in "float", möglicher Datenverlust
c:\users\admin\onedrive\fh mechatronik\3. semester\applied robotics\project\lab3r\backwards_kinematic\backwards_kinematic\backwards_kinematic\back_kin.c(32): warning C4244: "Funktion": Konvertierung von "double" in "int", möglicher Datenverlust
c:\users\admin\onedrive\fh mechatronik\3. semester\applied robotics\project\lab3r\backwards_kinematic\backwards_kinematic\backwards_kinematic\back_kin.c(33): warning C4244: "Funktion": Konvertierung von "double" in "int", möglicher Datenverlust
c:\users\admin\onedrive\fh mechatronik\3. semester\applied robotics\project\lab3r\backwards_kinematic\backwards_kinematic\backwards_kinematic\back_kin.c(34): warning C4244: "Funktion": Konvertierung von "double" in "int", möglicher Datenverlust
c:\users\admin\onedrive\fh mechatronik\3. semester\applied robotics\project\lab3r\backwards_kinematic\backwards_kinematic\backwards_kinematic\back_kin.c(38): warning C4244: "Funktion": Konvertierung von "double" in "int", möglicher Datenverlust
c:\users\admin\onedrive\fh mechatronik\3. semester\applied robotics\project\lab3r\backwards_kinematic\backwards_kinematic\backwards_kinematic\back_kin.c(39): warning C4244: "Funktion": Konvertierung von "double" in "int", möglicher Datenverlust
c:\users\admin\onedrive\fh mechatronik\3. semester\applied robotics\project\lab3r\backwards_kinematic\backwards_kinematic\backwards_kinematic\back_kin.c(40): warning C4244: "Funktion": Konvertierung von "double" in "int", möglicher Datenverlust
c:\users\admin\onedrive\fh mechatronik\3. semester\applied robotics\project\lab3r\backwards_kinematic\backwards_kinematic\backwards_kinematic\back_kin.c(53): warning C4244: "Funktion": Konvertierung von "double" in "int", möglicher Datenverlust
c:\users\admin\onedrive\fh mechatronik\3. semester\applied robotics\project\lab3r\backwards_kinematic\backwards_kinematic\backwards_kinematic\back_kin.c(54): warning C4244: "Funktion": Konvertierung von "double" in "int", möglicher Datenverlust
c:\users\admin\onedrive\fh mechatronik\3. semester\applied robotics\project\lab3r\backwards_kinematic\backwards_kinematic\backwards_kinematic\back_kin.c(55): warning C4244: "Funktion": Konvertierung von "double" in "int", möglicher Datenverlust
c:\users\admin\onedrive\fh mechatronik\3. semester\applied robotics\project\lab3r\backwards_kinematic\backwards_kinematic\backwards_kinematic\back_kin.c(70): warning C4244: "Funktion": Konvertierung von "double" in "int", möglicher Datenverlust
c:\users\admin\onedrive\fh mechatronik\3. semester\applied robotics\project\lab3r\backwards_kinematic\backwards_kinematic\backwards_kinematic\back_kin.c(71): warning C4244: "Funktion": Konvertierung von "double" in "int", möglicher Datenverlust
c:\users\admin\onedrive\fh mechatronik\3. semester\applied robotics\project\lab3r\backwards_kinematic\backwards_kinematic\backwards_kinematic\back_kin.c(72): warning C4244: "Funktion": Konvertierung von "double" in "int", möglicher Datenverlust
  Code wird generiert...
  backwards_kinematic.vcxproj -> C:\Users\Admin\OneDrive\FH Mechatronik\3. Semester\Applied Robotics\Project\LaB3R\backwards_kinematic\backwards_kinematic\Debug\backwards_kinematic.exe
  backwards_kinematic.vcxproj -> C:\Users\Admin\OneDrive\FH Mechatronik\3. Semester\Applied Robotics\Project\LaB3R\backwards_kinematic\backwards_kinematic\Debug\backwards_kinematic.pdb (Partial PDB)
